  AminoAcid.cpp
D:\OOP git\Final Project\細胞分裂\細胞分裂\細胞分裂\AminoAcid.cpp(11,70): warning C4244: '引數': 將 'double' 轉換為 'float'，由於類型不同，可能導致資料遺失
D:\OOP git\Final Project\細胞分裂\細胞分裂\細胞分裂\AminoAcid.cpp(11,62): warning C4244: '引數': 將 'double' 轉換為 'float'，由於類型不同，可能導致資料遺失
D:\OOP git\Final Project\細胞分裂\細胞分裂\細胞分裂\AminoAcid.cpp(11,54): warning C4244: '引數': 將 'double' 轉換為 'float'，由於類型不同，可能導致資料遺失
D:\OOP git\Final Project\細胞分裂\細胞分裂\細胞分裂\AminoAcid.cpp(11,35): warning C4244: '引數': 將 'double' 轉換為 'float'，由於類型不同，可能導致資料遺失
D:\OOP git\Final Project\細胞分裂\細胞分裂\細胞分裂\AminoAcid.cpp(44,60): warning C4244: '引數': 將 'double' 轉換為 'int'，由於類型不同，可能導致資料遺失
D:\OOP git\Final Project\細胞分裂\細胞分裂\細胞分裂\AminoAcid.cpp(44,40): warning C4244: '引數': 將 'double' 轉換為 'int'，由於類型不同，可能導致資料遺失
  AnimeRole.cpp
D:\OOP git\Final Project\細胞分裂\細胞分裂\細胞分裂\AnimeRole.cpp(75,14): warning C4101: 's': 未參考的區域變數
  AntiAminoAcid.cpp
D:\OOP git\Final Project\細胞分裂\細胞分裂\細胞分裂\AntiAminoAcid.cpp(17,70): warning C4244: '引數': 將 'double' 轉換為 'float'，由於類型不同，可能導致資料遺失
D:\OOP git\Final Project\細胞分裂\細胞分裂\細胞分裂\AntiAminoAcid.cpp(17,62): warning C4244: '引數': 將 'double' 轉換為 'float'，由於類型不同，可能導致資料遺失
D:\OOP git\Final Project\細胞分裂\細胞分裂\細胞分裂\AntiAminoAcid.cpp(17,54): warning C4244: '引數': 將 'double' 轉換為 'float'，由於類型不同，可能導致資料遺失
D:\OOP git\Final Project\細胞分裂\細胞分裂\細胞分裂\AntiAminoAcid.cpp(17,35): warning C4244: '引數': 將 'double' 轉換為 'float'，由於類型不同，可能導致資料遺失
  Boss.cpp
D:\OOP git\Final Project\細胞分裂\細胞分裂\細胞分裂\Boss.cpp(35,84): warning C4244: '引數': 將 'double' 轉換為 'float'，由於類型不同，可能導致資料遺失
D:\OOP git\Final Project\細胞分裂\細胞分裂\細胞分裂\Boss.cpp(35,77): warning C4244: '引數': 將 'double' 轉換為 'float'，由於類型不同，可能導致資料遺失
D:\OOP git\Final Project\細胞分裂\細胞分裂\細胞分裂\Boss.cpp(35,61): warning C4244: '引數': 將 'double' 轉換為 'float'，由於類型不同，可能導致資料遺失
D:\OOP git\Final Project\細胞分裂\細胞分裂\細胞分裂\Boss.cpp(35,43): warning C4244: '引數': 將 'double' 轉換為 'float'，由於類型不同，可能導致資料遺失
  Canon.cpp
D:\OOP git\Final Project\細胞分裂\細胞分裂\細胞分裂\Canon.cpp(10,15): warning C4244: '=': 將 'double' 轉換為 'int'，由於類型不同，可能導致資料遺失
D:\OOP git\Final Project\細胞分裂\細胞分裂\細胞分裂\Canon.cpp(11,15): warning C4244: '=': 將 'double' 轉換為 'int'，由於類型不同，可能導致資料遺失
D:\OOP git\Final Project\細胞分裂\細胞分裂\細胞分裂\Canon.cpp(20,42): warning C4244: '=': 將 'double' 轉換為 'int'，由於類型不同，可能導致資料遺失
D:\OOP git\Final Project\細胞分裂\細胞分裂\細胞分裂\Canon.cpp(54,42): warning C4244: '=': 將 'double' 轉換為 'int'，由於類型不同，可能導致資料遺失
D:\OOP git\Final Project\細胞分裂\細胞分裂\細胞分裂\Canon.cpp(96,53): warning C4244: '引數': 將 'double' 轉換為 'int'，由於類型不同，可能導致資料遺失
D:\OOP git\Final Project\細胞分裂\細胞分裂\細胞分裂\Canon.cpp(96,36): warning C4244: '引數': 將 'double' 轉換為 'int'，由於類型不同，可能導致資料遺失
D:\OOP git\Final Project\細胞分裂\細胞分裂\細胞分裂\Canon.cpp(120,54): warning C4244: '引數': 將 'double' 轉換為 'float'，由於類型不同，可能導致資料遺失
D:\OOP git\Final Project\細胞分裂\細胞分裂\細胞分裂\Canon.cpp(120,35): warning C4244: '引數': 將 'double' 轉換為 'float'，由於類型不同，可能導致資料遺失
  Cell.cpp
D:\OOP git\Final Project\細胞分裂\細胞分裂\細胞分裂\Cell.cpp(91,37): warning C4244: '引數': 將 'double' 轉換為 'int'，由於類型不同，可能導致資料遺失
D:\OOP git\Final Project\細胞分裂\細胞分裂\細胞分裂\Cell.cpp(91,27): warning C4244: '引數': 將 'double' 轉換為 'int'，由於類型不同，可能導致資料遺失
D:\OOP git\Final Project\細胞分裂\細胞分裂\細胞分裂\Cell.cpp(91,78): warning C4244: '引數': 將 'double' 轉換為 'int'，由於類型不同，可能導致資料遺失
D:\OOP git\Final Project\細胞分裂\細胞分裂\細胞分裂\Cell.cpp(91,68): warning C4244: '引數': 將 'double' 轉換為 'int'，由於類型不同，可能導致資料遺失
D:\OOP git\Final Project\細胞分裂\細胞分裂\細胞分裂\Cell.cpp(97,39): warning C4244: '引數': 將 'double' 轉換為 'int'，由於類型不同，可能導致資料遺失
D:\OOP git\Final Project\細胞分裂\細胞分裂\細胞分裂\Cell.cpp(97,26): warning C4244: '引數': 將 'double' 轉換為 'int'，由於類型不同，可能導致資料遺失
D:\OOP git\Final Project\細胞分裂\細胞分裂\細胞分裂\Cell.cpp(97,80): warning C4244: '引數': 將 'double' 轉換為 'int'，由於類型不同，可能導致資料遺失
D:\OOP git\Final Project\細胞分裂\細胞分裂\細胞分裂\Cell.cpp(97,67): warning C4244: '引數': 將 'double' 轉換為 'int'，由於類型不同，可能導致資料遺失
  Enemy.cpp
D:\OOP git\Final Project\細胞分裂\細胞分裂\細胞分裂\Enemy.cpp(9,72): warning C4244: '引數': 將 'double' 轉換為 'float'，由於類型不同，可能導致資料遺失
D:\OOP git\Final Project\細胞分裂\細胞分裂\細胞分裂\Enemy.cpp(9,64): warning C4244: '引數': 將 'double' 轉換為 'float'，由於類型不同，可能導致資料遺失
D:\OOP git\Final Project\細胞分裂\細胞分裂\細胞分裂\Enemy.cpp(9,55): warning C4244: '引數': 將 'double' 轉換為 'float'，由於類型不同，可能導致資料遺失
D:\OOP git\Final Project\細胞分裂\細胞分裂\細胞分裂\Enemy.cpp(9,35): warning C4244: '引數': 將 'double' 轉換為 'float'，由於類型不同，可能導致資料遺失
  Image.cpp
  main.cpp
D:\OOP git\Final Project\細胞分裂\細胞分裂\細胞分裂\main.cpp(473,9): warning C4101: 'tmp': 未參考的區域變數
D:\OOP git\Final Project\細胞分裂\細胞分裂\細胞分裂\main.cpp(561,218): warning C4244: '引數': 將 'double' 轉換為 'int'，由於類型不同，可能導致資料遺失
D:\OOP git\Final Project\細胞分裂\細胞分裂\細胞分裂\main.cpp(561,195): warning C4244: '引數': 將 'double' 轉換為 'int'，由於類型不同，可能導致資料遺失
D:\OOP git\Final Project\細胞分裂\細胞分裂\細胞分裂\main.cpp(561,132): warning C4244: '引數': 將 'double' 轉換為 'int'，由於類型不同，可能導致資料遺失
D:\OOP git\Final Project\細胞分裂\細胞分裂\細胞分裂\main.cpp(561,71): warning C4244: '引數': 將 'double' 轉換為 'int'，由於類型不同，可能導致資料遺失
D:\OOP git\Final Project\細胞分裂\細胞分裂\細胞分裂\main.cpp(561,52): warning C4244: '引數': 將 'double' 轉換為 'int'，由於類型不同，可能導致資料遺失
D:\OOP git\Final Project\細胞分裂\細胞分裂\細胞分裂\main.cpp(635,23): warning C4244: '正在初始化': 將 'Uint64' 轉換為 'int'，由於類型不同，可能導致資料遺失
D:\OOP git\Final Project\細胞分裂\細胞分裂\細胞分裂\main.cpp(636,22): warning C4244: '正在初始化': 將 'Uint64' 轉換為 'int'，由於類型不同，可能導致資料遺失
D:\OOP git\Final Project\細胞分裂\細胞分裂\細胞分裂\main.cpp(640,27): warning C4244: '=': 將 'Uint64' 轉換為 'int'，由於類型不同，可能導致資料遺失
  Mixer.cpp
  PauseScreen.cpp
D:\OOP git\Final Project\細胞分裂\細胞分裂\細胞分裂\PauseScreen.cpp(12,62): warning C4244: '引數': 將 'double' 轉換為 'float'，由於類型不同，可能導致資料遺失
D:\OOP git\Final Project\細胞分裂\細胞分裂\細胞分裂\PauseScreen.cpp(13,62): warning C4244: '引數': 將 'double' 轉換為 'float'，由於類型不同，可能導致資料遺失
  Player.cpp
D:\OOP git\Final Project\細胞分裂\細胞分裂\細胞分裂\Player.cpp(42,73): warning C4244: '引數': 將 'double' 轉換為 'float'，由於類型不同，可能導致資料遺失
D:\OOP git\Final Project\細胞分裂\細胞分裂\細胞分裂\Player.cpp(42,65): warning C4244: '引數': 將 'double' 轉換為 'float'，由於類型不同，可能導致資料遺失
D:\OOP git\Final Project\細胞分裂\細胞分裂\細胞分裂\Player.cpp(42,55): warning C4244: '引數': 將 'double' 轉換為 'float'，由於類型不同，可能導致資料遺失
D:\OOP git\Final Project\細胞分裂\細胞分裂\細胞分裂\Player.cpp(42,35): warning C4244: '引數': 將 'double' 轉換為 'float'，由於類型不同，可能導致資料遺失
  PlayerSplit.cpp
D:\OOP git\Final Project\細胞分裂\細胞分裂\細胞分裂\PlayerSplit.cpp(55,72): warning C4244: '引數': 將 'double' 轉換為 'float'，由於類型不同，可能導致資料遺失
D:\OOP git\Final Project\細胞分裂\細胞分裂\細胞分裂\PlayerSplit.cpp(55,64): warning C4244: '引數': 將 'double' 轉換為 'float'，由於類型不同，可能導致資料遺失
D:\OOP git\Final Project\細胞分裂\細胞分裂\細胞分裂\PlayerSplit.cpp(55,55): warning C4244: '引數': 將 'double' 轉換為 'float'，由於類型不同，可能導致資料遺失
D:\OOP git\Final Project\細胞分裂\細胞分裂\細胞分裂\PlayerSplit.cpp(55,35): warning C4244: '引數': 將 'double' 轉換為 'float'，由於類型不同，可能導致資料遺失
  RenderWindow.cpp
  Screen.cpp
D:\OOP git\Final Project\細胞分裂\細胞分裂\細胞分裂\Screen.cpp(12,12): warning C4244: '引數': 將 'time_t' 轉換為 'unsigned int'，由於類型不同，可能導致資料遺失
  StaticRole.cpp
D:\OOP git\Final Project\細胞分裂\細胞分裂\細胞分裂\StaticRole.cpp(39,14): warning C4101: 's': 未參考的區域變數
  System.cpp
  Text.cpp
  正在產生程式碼...
  細胞分裂.vcxproj -> D:\OOP git\Final Project\細胞分裂\細胞分裂\x64\Debug\細胞分裂.exe
